  Hud.cpp
  Game.vcxproj -> C:\Users\Alexis\Desktop\TP1-progjeux\Release\Game.lib
  C:\Users\Alexis\Desktop\TP1-progjeux\Game\Assets\Fonts\segoepr.ttf -> C:\Users\Alexis\Desktop\TP1-progjeux\Release\Assets\Fonts\segoepr.ttf
  C:\Users\Alexis\Desktop\TP1-progjeux\Game\Assets\Music\Carpenter_brut_remorse.ogg -> C:\Users\Alexis\Desktop\TP1-progjeux\Release\Assets\Music\Carpenter_brut_remorse.ogg
  C:\Users\Alexis\Desktop\TP1-progjeux\Game\Assets\Music\Deadmau5_welk_then.ogg -> C:\Users\Alexis\Desktop\TP1-progjeux\Release\Assets\Music\Deadmau5_welk_then.ogg
  C:\Users\Alexis\Desktop\TP1-progjeux\Game\Assets\Music\Mega_drive_narc.ogg -> C:\Users\Alexis\Desktop\TP1-progjeux\Release\Assets\Music\Mega_drive_narc.ogg
  C:\Users\Alexis\Desktop\TP1-progjeux\Game\Assets\Music\SgMusic.ogg -> C:\Users\Alexis\Desktop\TP1-progjeux\Release\Assets\Music\SgMusic.ogg
  C:\Users\Alexis\Desktop\TP1-progjeux\Game\Assets\Sounds\Characters\AlienDeath.ogg -> C:\Users\Alexis\Desktop\TP1-progjeux\Release\Assets\Sounds\Characters\AlienDeath.ogg
  C:\Users\Alexis\Desktop\TP1-progjeux\Game\Assets\Sounds\Characters\Horde.ogg -> C:\Users\Alexis\Desktop\TP1-progjeux\Release\Assets\Sounds\Characters\Horde.ogg
  C:\Users\Alexis\Desktop\TP1-progjeux\Game\Assets\Sounds\Characters\PlayerDeath.ogg -> C:\Users\Alexis\Desktop\TP1-progjeux\Release\Assets\Sounds\Characters\PlayerDeath.ogg
  C:\Users\Alexis\Desktop\TP1-progjeux\Game\Assets\Sounds\SpaceShots\Shot01.ogg -> C:\Users\Alexis\Desktop\TP1-progjeux\Release\Assets\Sounds\SpaceShots\Shot01.ogg
  C:\Users\Alexis\Desktop\TP1-progjeux\Game\Assets\Sounds\SpaceShots\Shot02.ogg -> C:\Users\Alexis\Desktop\TP1-progjeux\Release\Assets\Sounds\SpaceShots\Shot02.ogg
  C:\Users\Alexis\Desktop\TP1-progjeux\Game\Assets\Sounds\SpaceShots\ToggleSound.ogg -> C:\Users\Alexis\Desktop\TP1-progjeux\Release\Assets\Sounds\SpaceShots\ToggleSound.ogg
  C:\Users\Alexis\Desktop\TP1-progjeux\Game\Assets\Sprites\Blast.png -> C:\Users\Alexis\Desktop\TP1-progjeux\Release\Assets\Sprites\Blast.png
  C:\Users\Alexis\Desktop\TP1-progjeux\Game\Assets\Sprites\BoostLogo.png -> C:\Users\Alexis\Desktop\TP1-progjeux\Release\Assets\Sprites\BoostLogo.png
  C:\Users\Alexis\Desktop\TP1-progjeux\Game\Assets\Sprites\Bullet.png -> C:\Users\Alexis\Desktop\TP1-progjeux\Release\Assets\Sprites\Bullet.png
  C:\Users\Alexis\Desktop\TP1-progjeux\Game\Assets\Sprites\Backgrounds\MoonReflectiveBackground.png -> C:\Users\Alexis\Desktop\TP1-progjeux\Release\Assets\Sprites\Backgrounds\MoonReflectiveBackground.png
  C:\Users\Alexis\Desktop\TP1-progjeux\Game\Assets\Sprites\SpacemanAndAliens\Alien1.png -> C:\Users\Alexis\Desktop\TP1-progjeux\Release\Assets\Sprites\SpacemanAndAliens\Alien1.png
  C:\Users\Alexis\Desktop\TP1-progjeux\Game\Assets\Sprites\SpacemanAndAliens\Alien2.png -> C:\Users\Alexis\Desktop\TP1-progjeux\Release\Assets\Sprites\SpacemanAndAliens\Alien2.png
  C:\Users\Alexis\Desktop\TP1-progjeux\Game\Assets\Sprites\SpacemanAndAliens\Alien3.png -> C:\Users\Alexis\Desktop\TP1-progjeux\Release\Assets\Sprites\SpacemanAndAliens\Alien3.png
  C:\Users\Alexis\Desktop\TP1-progjeux\Game\Assets\Sprites\SpacemanAndAliens\Spaceman.png -> C:\Users\Alexis\Desktop\TP1-progjeux\Release\Assets\Sprites\SpacemanAndAliens\Spaceman.png
  19 File(s) copied
